0 info it worked if it ends with ok
1 verbose cli [ '/home/ian/.nvm/versions/node/v5.8.0/bin/node',
1 verbose cli   '/home/ian/.nvm/versions/node/v5.8.0/bin/npm',
1 verbose cli   'run',
1 verbose cli   'watch-client' ]
2 info using npm@3.7.3
3 info using node@v5.8.0
4 verbose run-script [ 'prewatch-client', 'watch-client', 'postwatch-client' ]
5 info lifecycle rosestclient@0.0.0~prewatch-client: rosestclient@0.0.0
6 silly lifecycle rosestclient@0.0.0~prewatch-client: no script for prewatch-client, continuing
7 info lifecycle rosestclient@0.0.0~watch-client: rosestclient@0.0.0
8 verbose lifecycle rosestclient@0.0.0~watch-client: unsafe-perm in lifecycle true
9 verbose lifecycle rosestclient@0.0.0~watch-client: PATH: /home/ian/.nvm/versions/node/v5.8.0/lib/node_modules/npm/bin/node-gyp-bin:/home/ian/Downloads/projects/rose_st_client/node_modules/.bin:/home/ian/.nvm/versions/node/v5.8.0/bin:/home/ian/.nvm/versions/node/v5.8.0/lib/node_modules/npm/bin/node-gyp-bin:/home/ian/Downloads/projects/rose_st_client/node_modules/.bin:/home/ian/.nvm/versions/node/v5.8.0/bin:/home/ian/.nvm/versions/node/v5.8.0/bin:/home/ian/bin:/usr/local/sbin:/usr/local/bin:/usr/sbin:/usr/bin:/sbin:/bin:/usr/games:/usr/local/games
10 verbose lifecycle rosestclient@0.0.0~watch-client: CWD: /home/ian/Downloads/projects/rose_st_client
11 silly lifecycle rosestclient@0.0.0~watch-client: Args: [ '-c',
11 silly lifecycle   'webpack-dev-server --config configs/webpack.client-watch.js' ]
12 silly lifecycle rosestclient@0.0.0~watch-client: Returned: code: 1  signal: null
13 info lifecycle rosestclient@0.0.0~watch-client: Failed to exec watch-client script
14 verbose stack Error: rosestclient@0.0.0 watch-client: `webpack-dev-server --config configs/webpack.client-watch.js`
14 verbose stack Exit status 1
14 verbose stack     at EventEmitter.<anonymous> (/home/ian/.nvm/versions/node/v5.8.0/lib/node_modules/npm/lib/utils/lifecycle.js:239:16)
14 verbose stack     at emitTwo (events.js:100:13)
14 verbose stack     at EventEmitter.emit (events.js:185:7)
14 verbose stack     at ChildProcess.<anonymous> (/home/ian/.nvm/versions/node/v5.8.0/lib/node_modules/npm/lib/utils/spawn.js:24:14)
14 verbose stack     at emitTwo (events.js:100:13)
14 verbose stack     at ChildProcess.emit (events.js:185:7)
14 verbose stack     at maybeClose (internal/child_process.js:850:16)
14 verbose stack     at Process.ChildProcess._handle.onexit (internal/child_process.js:215:5)
15 verbose pkgid rosestclient@0.0.0
16 verbose cwd /home/ian/Downloads/projects/rose_st_client
17 error Linux 4.2.0-34-generic
18 error argv "/home/ian/.nvm/versions/node/v5.8.0/bin/node" "/home/ian/.nvm/versions/node/v5.8.0/bin/npm" "run" "watch-client"
19 error node v5.8.0
20 error npm  v3.7.3
21 error code ELIFECYCLE
22 error rosestclient@0.0.0 watch-client: `webpack-dev-server --config configs/webpack.client-watch.js`
22 error Exit status 1
23 error Failed at the rosestclient@0.0.0 watch-client script 'webpack-dev-server --config configs/webpack.client-watch.js'.
23 error Make sure you have the latest version of node.js and npm installed.
23 error If you do, this is most likely a problem with the rosestclient package,
23 error not with npm itself.
23 error Tell the author that this fails on your system:
23 error     webpack-dev-server --config configs/webpack.client-watch.js
23 error You can get information on how to open an issue for this project with:
23 error     npm bugs rosestclient
23 error Or if that isn't available, you can get their info via:
23 error     npm owner ls rosestclient
23 error There is likely additional logging output above.
24 verbose exit [ 1, true ]
